
[-] Request: POST /api/v1/documents headers[Authorization=Bearer eyJhbGciOiJIUzI1NiIsInR5cCI6IkpXVCJ9.eyJfaWQiOiI2MTU1ZTAxNWZhODFlZDY5YTRmYzQyNmEiLCJpYXQiOjE2MzMxNTkzNjksImV4cCI6MTY2NDY5NTM2OX0.mK0fQtniA4j6g3kapz28FoYbNWsJadwdwGjbladAJh4;] at Sat Oct 02 2021 14:29:20 GMT+0700 IP: ::1
[-] Request Body:
{
	"name": "Avc",
	"url": "123.com",
	"user_id": "6155e015fa81ed69a4fc426a",
	"signature_type_id": "6155e015fa81ed69a4fc426a",
	"is_require_signature": true,
	"email": "ananbanana2626@gmail.com",
	"phone_number": "0385794777",
	"full_name": "ánh trần",
	"role_id": "6155e015fa81ed69a4fc426a"
}
[-] Response Body:
{
	"success": true,
	"message": "OK",
	"data": {
		"status": 1,
		"is_require_signature": true,
		"is_signed": false,
		"_id": "61580a504354f491ca4345a2",
		"name": "Avc",
		"url": "123.com",
		"user_id": "6155e015fa81ed69a4fc426a",
		"signature_type_id": "6155e015fa81ed69a4fc426a",
		"created_at": "2021-10-02T07:29:20.177Z",
		"updated_at": "2021-10-02T07:29:20.177Z"
	}
}
[-] Response: 200 95.310 ms 

[-] Request: GET /api/v1/documents/61580a504354f491ca4345a2 headers[Authorization=-;] at Sat Oct 02 2021 14:29:47 GMT+0700 IP: ::1
[-] Response: 404 2.322 ms 
